0 info it worked if it ends with ok
1 verbose cli [ '/Users/jnath2/.nvm/versions/node/v4.0.0/bin/node',
1 verbose cli   '/Users/jnath2/.nvm/versions/node/v4.0.0/bin/npm',
1 verbose cli   'run',
1 verbose cli   'server' ]
2 info using npm@2.14.2
3 info using node@v4.0.0
4 verbose config Skipping project config: /Users/jnath2/.npmrc. (matches userconfig)
5 verbose stack Error: ENOENT: no such file or directory, open '/Users/jnath2/package.json'
5 verbose stack     at Error (native)
6 verbose cwd /Users/jnath2/github/namo-website
7 error Darwin 14.5.0
8 error argv "/Users/jnath2/.nvm/versions/node/v4.0.0/bin/node" "/Users/jnath2/.nvm/versions/node/v4.0.0/bin/npm" "run" "server"
9 error node v4.0.0
10 error npm  v2.14.2
11 error path /Users/jnath2/package.json
12 error code ENOENT
13 error errno -2
14 error syscall open
15 error enoent ENOENT: no such file or directory, open '/Users/jnath2/package.json'
15 error enoent This is most likely not a problem with npm itself
15 error enoent and is related to npm not being able to find a file.
16 verbose exit [ -2, true ]
